[debug] [2025-12-08T09:35:47.940Z] ----------------------------------------------------------------------
[debug] [2025-12-08T09:35:47.943Z] Command:       C:\Program Files\nodejs\node.exe C:\Users\erica\AppData\Roaming\npm\node_modules\firebase-tools\lib\bin\firebase.js projects:create project-1 --display-name Project 2025
[debug] [2025-12-08T09:35:47.943Z] CLI Version:   14.27.0
[debug] [2025-12-08T09:35:47.943Z] Platform:      win32
[debug] [2025-12-08T09:35:47.943Z] Node Version:  v24.11.1
[debug] [2025-12-08T09:35:47.944Z] Time:          Mon Dec 08 2025 09:35:47 GMT+0000 (Greenwich Mean Time)
[debug] [2025-12-08T09:35:47.944Z] ----------------------------------------------------------------------
[debug] 
[debug] [2025-12-08T09:35:47.950Z] > command requires scopes: ["email","openid","https://www.googleapis.com/auth/cloudplatformprojects.readonly","https://www.googleapis.com/auth/firebase","https://www.googleapis.com/auth/cloud-platform"]
[debug] [2025-12-08T09:35:47.950Z] > authorizing via signed-in user (ericacuthbert@gmail.com)
[debug] [2025-12-08T09:35:47.955Z] Checked if tokens are valid: true, expires at: 1765189976362
[debug] [2025-12-08T09:35:47.955Z] Checked if tokens are valid: true, expires at: 1765189976362
[debug] [2025-12-08T09:35:47.957Z] >>> [apiv2][query] POST https://cloudresourcemanager.googleapis.com/v1/projects [none]
[debug] [2025-12-08T09:35:47.957Z] >>> [apiv2][body] POST https://cloudresourcemanager.googleapis.com/v1/projects {"projectId":"project-1","name":"Project 2025"}
[debug] [2025-12-08T09:35:49.179Z] <<< [apiv2][status] POST https://cloudresourcemanager.googleapis.com/v1/projects 409
[debug] [2025-12-08T09:35:49.180Z] <<< [apiv2][body] POST https://cloudresourcemanager.googleapis.com/v1/projects {"error":{"code":409,"message":"Requested entity already exists","status":"ALREADY_EXISTS"}}
[debug] [2025-12-08T09:35:50.482Z] FirebaseError: Request to https://cloudresourcemanager.googleapis.com/v1/projects had HTTP Error: 409, Requested entity already exists
    at responseToError (C:\Users\erica\AppData\Roaming\npm\node_modules\firebase-tools\lib\responseToError.js:53:12)
    at RetryOperation._fn (C:\Users\erica\AppData\Roaming\npm\node_modules\firebase-tools\lib\apiv2.js:322:77)
    at process.processTicksAndRejections (node:internal/process/task_queues:103:5)
[error] 
[error] Error: Failed to create project because there is already a project with ID project-1. Please try again with a unique project ID.
[debug] [2025-12-08T09:36:32.719Z] ----------------------------------------------------------------------
[debug] [2025-12-08T09:36:32.722Z] Command:       C:\Program Files\nodejs\node.exe C:\Users\erica\AppData\Roaming\npm\node_modules\firebase-tools\lib\bin\firebase.js projects:create final-project --display-name Project 2025
[debug] [2025-12-08T09:36:32.722Z] CLI Version:   14.27.0
[debug] [2025-12-08T09:36:32.722Z] Platform:      win32
[debug] [2025-12-08T09:36:32.722Z] Node Version:  v24.11.1
[debug] [2025-12-08T09:36:32.722Z] Time:          Mon Dec 08 2025 09:36:32 GMT+0000 (Greenwich Mean Time)
[debug] [2025-12-08T09:36:32.722Z] ----------------------------------------------------------------------
[debug] 
[debug] [2025-12-08T09:36:32.728Z] > command requires scopes: ["email","openid","https://www.googleapis.com/auth/cloudplatformprojects.readonly","https://www.googleapis.com/auth/firebase","https://www.googleapis.com/auth/cloud-platform"]
[debug] [2025-12-08T09:36:32.728Z] > authorizing via signed-in user (ericacuthbert@gmail.com)
[debug] [2025-12-08T09:36:32.733Z] Checked if tokens are valid: true, expires at: 1765189976362
[debug] [2025-12-08T09:36:32.734Z] Checked if tokens are valid: true, expires at: 1765189976362
[debug] [2025-12-08T09:36:32.736Z] >>> [apiv2][query] POST https://cloudresourcemanager.googleapis.com/v1/projects [none]
[debug] [2025-12-08T09:36:32.736Z] >>> [apiv2][body] POST https://cloudresourcemanager.googleapis.com/v1/projects {"projectId":"final-project","name":"Project 2025"}
[debug] [2025-12-08T09:36:33.843Z] <<< [apiv2][status] POST https://cloudresourcemanager.googleapis.com/v1/projects 409
[debug] [2025-12-08T09:36:33.843Z] <<< [apiv2][body] POST https://cloudresourcemanager.googleapis.com/v1/projects {"error":{"code":409,"message":"Requested entity already exists","status":"ALREADY_EXISTS"}}
[debug] [2025-12-08T09:36:35.355Z] FirebaseError: Request to https://cloudresourcemanager.googleapis.com/v1/projects had HTTP Error: 409, Requested entity already exists
    at responseToError (C:\Users\erica\AppData\Roaming\npm\node_modules\firebase-tools\lib\responseToError.js:53:12)
    at RetryOperation._fn (C:\Users\erica\AppData\Roaming\npm\node_modules\firebase-tools\lib\apiv2.js:322:77)
    at process.processTicksAndRejections (node:internal/process/task_queues:103:5)
[error] 
[error] Error: Failed to create project because there is already a project with ID final-project. Please try again with a unique project ID.
